\BOOKMARK [0][-]{chapter.9}{\376\377\000I\000n\000t\000r\000o\000d\000u\000c\000t\000i\000o\000n}{}% 1
\BOOKMARK [1][-]{section.10}{\376\377\000W\000h\000y\000\040\000w\000e\000\040\000n\000e\000e\000d\000\040\000n\000u\000m\000e\000r\000i\000c\000a\000l\000\040\000r\000e\000l\000a\000t\000i\000v\000i\000t\000y\000?}{chapter.9}% 2
\BOOKMARK [1][-]{section.11}{\376\377\000I\000n\000t\000r\000o\000d\000u\000c\000t\000i\000o\000n\000\040\000t\000o\000\040\000n\000u\000m\000e\000r\000i\000c\000a\000l\000\040\000r\000e\000l\000a\000t\000i\000v\000i\000t\000y}{chapter.9}% 3
\BOOKMARK [1][-]{section.14}{\376\377\000N\000o\000t\000a\000t\000i\000o\000n\000\040\000a\000n\000d\000\040\000c\000o\000n\000v\000e\000n\000t\000i\000o\000n\000s}{chapter.9}% 4
\BOOKMARK [0][-]{chapter.15}{\376\377\000T\000h\000e\000\040\000A\000D\000M\000\040\000E\000q\000u\000a\000t\000i\000o\000n\000s}{}% 5
\BOOKMARK [1][-]{section.17}{\376\377\000C\000o\000n\000s\000t\000r\000a\000i\000n\000t\000\040\000e\000q\000u\000a\000t\000i\000o\000n\000s}{chapter.15}% 6
\BOOKMARK [1][-]{section.27}{\376\377\000E\000v\000o\000l\000u\000t\000i\000o\000n\000\040\000e\000q\000u\000a\000t\000i\000o\000n\000s}{chapter.15}% 7
\BOOKMARK [1][-]{section.38}{\376\377\000S\000u\000m\000m\000a\000r\000y}{chapter.15}% 8
\BOOKMARK [0][-]{chapter.43}{\376\377\000N\000u\000m\000e\000r\000i\000c\000a\000l\000\040\000s\000i\000m\000u\000l\000a\000t\000i\000o\000n}{}% 9
\BOOKMARK [1][-]{section.44}{\376\377\000I\000n\000t\000r\000o\000d\000u\000c\000t\000i\000o\000n}{chapter.43}% 10
\BOOKMARK [1][-]{section.45}{\376\377\000S\000c\000h\000w\000a\000r\000z\000s\000c\000h\000i\000l\000d\000\040\000b\000l\000a\000c\000k\000\040\000h\000o\000l\000e}{chapter.43}% 11
\BOOKMARK [2][-]{subsection.46}{\376\377\000T\000y\000p\000e\000s\000\040\000o\000f\000\040\000b\000l\000a\000c\000k\000\040\000h\000o\000l\000e\000s}{section.45}% 12
\BOOKMARK [2][-]{subsection.48}{\376\377\000I\000s\000o\000t\000r\000o\000p\000i\000c\000\040\000c\000o\000o\000r\000d\000i\000n\000a\000t\000e}{section.45}% 13
\BOOKMARK [1][-]{section.54}{\376\377\000G\000a\000u\000g\000e\000\040\000c\000o\000n\000d\000i\000t\000i\000o\000n\000s}{chapter.43}% 14
\BOOKMARK [1][-]{section.56}{\376\377\000I\000n\000i\000t\000i\000a\000l\000\040\000d\000a\000t\000a}{chapter.43}% 15
\BOOKMARK [1][-]{section.60}{\376\377\000N\000u\000m\000e\000r\000i\000c\000a\000l\000\040\000m\000e\000t\000h\000o\000d\000s}{chapter.43}% 16
\BOOKMARK [2][-]{subsection.61}{\376\377\000F\000i\000n\000i\000t\000e\000\040\000d\000i\000f\000f\000e\000r\000e\000n\000c\000e\000\040\000m\000e\000t\000h\000o\000d}{section.60}% 17
\BOOKMARK [2][-]{subsection.65}{\376\377\000B\000o\000u\000n\000d\000a\000r\000y\000\040\000c\000o\000n\000d\000i\000t\000i\000o\000n}{section.60}% 18
\BOOKMARK [2][-]{subsection.69}{\376\377\000I\000n\000v\000e\000r\000s\000e\000\040\000m\000a\000t\000r\000i\000x}{section.60}% 19
\BOOKMARK [1][-]{section.70}{\376\377\000G\000r\000i\000d\000\040\000s\000e\000t\000t\000i\000n\000g}{chapter.43}% 20
\BOOKMARK [1][-]{section.71}{\376\377\000R\000e\000s\000u\000l\000t}{chapter.43}% 21
\BOOKMARK [0][-]{chapter.74}{\376\377\000D\000i\000s\000c\000u\000s\000s\000i\000o\000n\000\040\000a\000n\000d\000\040\000C\000o\000n\000c\000l\000u\000s\000i\000o\000n}{}% 22
\BOOKMARK [1][-]{section.75}{\376\377\000A\000n\000a\000l\000y\000t\000i\000c\000a\000l\000\040\000c\000a\000l\000c\000u\000l\000a\000t\000i\000o\000n\000\040\000o\000f\000\040\000e\000v\000o\000l\000u\000t\000i\000o\000n\000\040\000v\000a\000l\000u\000e\000s}{chapter.74}% 23
\BOOKMARK [1][-]{section.84}{\376\377\000H\000o\000w\000\040\000a\000b\000o\000u\000t\000\040\000i\000n\000i\000t\000i\000a\000l\000\040\000d\000a\000t\000a\000?}{chapter.74}% 24
\BOOKMARK [1][-]{section.87}{\376\377\000C\000o\000n\000c\000l\000u\000s\000i\000o\000n}{chapter.74}% 25
\BOOKMARK [0][-]{appendix.88}{\376\377\000U\000s\000e\000d\000\040\000c\000o\000d\000e}{}% 26
\BOOKMARK [1][-]{section.89}{\376\377\000F\000o\000r\000\040\000e\000v\000o\000l\000u\000t\000i\000o\000n\000\040\000a\000n\000d\000\040\000e\000r\000r\000o\000r\000\040\000c\000a\000l\000c\000u\000l\000a\000t\000i\000o\000n}{appendix.88}% 27
\BOOKMARK [0][-]{appendix*.90}{\376\377\000B\000i\000b\000l\000i\000o\000g\000r\000a\000p\000h\000y}{}% 28
